This is pdfTeX, Version 3.14159265-2.6-1.40.21 (TeX Live 2020) (preloaded format=pdflatex 2020.9.28)  26 FEB 2021 11:59
entering extended mode
 restricted \write18 enabled.
 file:line:error style messages enabled.
 %&-line parsing enabled.
**\input sqtl.tex
 (./sqtl.tex
(/usr/local/texlive/2020/texmf-dist/tex/latex/base/article.cls
Document Class: article 2019/12/20 v1.4l Standard LaTeX document class
(/usr/local/texlive/2020/texmf-dist/tex/latex/base/size11.clo
File: size11.clo 2019/12/20 v1.4l Standard LaTeX file (size option)
)
\c@part=\count167
\c@section=\count168
\c@subsection=\count169
\c@subsubsection=\count170
\c@paragraph=\count171
\c@subparagraph=\count172
\c@figure=\count173
\c@table=\count174
\abovecaptionskip=\skip47
\belowcaptionskip=\skip48
\bibindent=\dimen134
)
(/usr/local/texlive/2020/texmf-dist/tex/latex/base/inputenc.sty
Package: inputenc 2018/08/11 v1.3c Input encoding file
\inpenc@prehook=\toks15
\inpenc@posthook=\toks16
)
(/usr/local/texlive/2020/texmf-dist/tex/latex/url/url.sty
\Urlmuskip=\muskip16
Package: url 2013/09/16  ver 3.4  Verb mode for urls, etc.
)
(/usr/local/texlive/2020/texmf-dist/tex/latex/cite/chapterbib.sty
\c@inputfile=\count175
Package: chapterbib 2010/09/18  v 1.17
)
(/usr/local/texlive/2020/texmf-dist/tex/latex/natbib/natbib.sty
Package: natbib 2010/09/13 8.31b (PWD, AO)
\bibhang=\skip49
\bibsep=\skip50
LaTeX Info: Redefining \cite on input line 694.
\c@NAT@ctr=\count176
)
(/usr/local/texlive/2020/texmf-dist/tex/latex/base/fontenc.sty
Package: fontenc 2020/02/11 v2.0o Standard LaTeX package
)
(/usr/local/texlive/2020/texmf-dist/tex/latex/l3backend/l3backend-pdfmode.def
File: l3backend-pdfmode.def 2020-03-12 L3 backend support: PDF mode
\l__kernel_color_stack_int=\count177
\l__pdf_internal_box=\box45
)
(./sqtl.aux)
\openout1 = `sqtl.aux'.

LaTeX Font Info:    Checking defaults for OML/cmm/m/it on input line 19.
LaTeX Font Info:    ... okay on input line 19.
LaTeX Font Info:    Checking defaults for OMS/cmsy/m/n on input line 19.
LaTeX Font Info:    ... okay on input line 19.
LaTeX Font Info:    Checking defaults for OT1/cmr/m/n on input line 19.
LaTeX Font Info:    ... okay on input line 19.
LaTeX Font Info:    Checking defaults for T1/cmr/m/n on input line 19.
LaTeX Font Info:    ... okay on input line 19.
LaTeX Font Info:    Checking defaults for TS1/cmr/m/n on input line 19.
LaTeX Font Info:    ... okay on input line 19.
LaTeX Font Info:    Checking defaults for OMX/cmex/m/n on input line 19.
LaTeX Font Info:    ... okay on input line 19.
LaTeX Font Info:    Checking defaults for U/cmr/m/n on input line 19.
LaTeX Font Info:    ... okay on input line 19.
LaTeX Font Info:    External font `cmex10' loaded for size
(Font)              <17.28> on input line 21.
LaTeX Font Info:    External font `cmex10' loaded for size
(Font)              <12> on input line 21.
LaTeX Font Info:    External font `cmex10' loaded for size
(Font)              <8> on input line 21.
LaTeX Font Info:    External font `cmex10' loaded for size
(Font)              <6> on input line 21.
LaTeX Font Info:    External font `cmex10' loaded for size
(Font)              <10.95> on input line 44.
 [1

{/usr/local/texlive/2020/texmf-var/fonts/map/pdftex/updmap/pdftex.map}] [2]
LaTeX Font Info:    Trying to load font information for T1+cmtt on input line 1
25.
 (/usr/local/texlive/2020/texmf-dist/tex/latex/base/t1cmtt.fd
File: t1cmtt.fd 2019/12/16 v2.5j Standard LaTeX font definitions
)
Overfull \hbox (24.59177pt too wide) in paragraph at lines 125--129
[]\T1/cmr/m/n/10.95 We ob-tain sQTLs for can-cer cells from Can-cer-Splic-ingQT
L database [[]] $\T1/cmtt/m/n/10.95 http :
 []


Overfull \hbox (6.57132pt too wide) in paragraph at lines 125--129
\T1/cmtt/m/n/10.95 / / www . cancersplicingqtl-[]hust . com / # / sqtls$\T1/cmr
/m/n/10.95 , which com-piles genome-wide
 []


Overfull \hbox (9.11942pt too wide) in paragraph at lines 131--136
\T1/cmr/m/n/10.95 22Rv1). sQTL is in Can-cer-Splic-ingQTL database un-der PRAD 
(Prostate
 []


Overfull \hbox (11.76634pt too wide) in paragraph at lines 136--138
\T1/cmr/m/n/10.95 K562 cell is ob-tained in [[]], sQTL is in Can-cer-Splic-ingQ
TL database [[]].
 []


Overfull \hbox (11.76634pt too wide) in paragraph at lines 138--142
\T1/cmr/m/n/10.95 K562 cell is ob-tained in [[]], sQTL is in Can-cer-Splic-ingQ
TL database [[]].
 []

[3]
Overfull \hbox (130.83043pt too wide) in paragraph at lines 158--163
\T1/cmr/m/n/10.95 cells (fi-brosar-coma(SARC)). https://www.ncbi.nlm.nih.gov/ge
o/query/acc.cgi?acc=GSM3304262.
 []

(./sqtl.bbl [4]
./sqtl.bbl:55: Misplaced alignment tab character &.
l.55 \newblock {\em Genes &
                            Development}, 17(4):419--437, 2003.
I can't figure out why you would want to use a tab mark
here. If you just want an ampersand, the remedy is
simple: Just type `I\&' now. But if some right brace
up above has ended a previous alignment prematurely,
you're probably due for more error messages, and you
might try typing `S' now just to see what is salvageable.

[5] [6] [7] [8]) [9] (./sqtl.aux) ) 
Here is how much of TeX's memory you used:
 1198 strings out of 480608
 16315 string characters out of 5903630
 252250 words of memory out of 5000000
 17130 multiletter control sequences out of 15000+600000
 542868 words of font info for 48 fonts, out of 8000000 for 9000
 1141 hyphenation exceptions out of 8191
 23i,4n,24p,332b,301s stack positions out of 5000i,500n,10000p,200000b,80000s
{/usr/local/texlive/2020/texmf-dist/fonts/en
c/dvips/cm-super/cm-super-t1.enc}{/usr/local/texlive/2020/texmf-dist/fonts/enc/
dvips/cm-super/cm-super-ts1.enc}</usr/local/texlive/2020/texmf-dist/fonts/type1
/public/amsfonts/cm/cmmi10.pfb></usr/local/texlive/2020/texmf-dist/fonts/type1/
public/amsfonts/cm/cmr10.pfb></usr/local/texlive/2020/texmf-dist/fonts/type1/pu
blic/amsfonts/cm/cmr17.pfb></usr/local/texlive/2020/texmf-dist/fonts/type1/publ
ic/cm-super/sfbx1200.pfb></usr/local/texlive/2020/texmf-dist/fonts/type1/public
/cm-super/sfbx1440.pfb></usr/local/texlive/2020/texmf-dist/fonts/type1/public/c
m-super/sfrm1095.pfb></usr/local/texlive/2020/texmf-dist/fonts/type1/public/cm-
super/sfrm1728.pfb></usr/local/texlive/2020/texmf-dist/fonts/type1/public/cm-su
per/sfti1095.pfb></usr/local/texlive/2020/texmf-dist/fonts/type1/public/cm-supe
r/sftt1095.pfb>
Output written on sqtl.pdf (9 pages, 172545 bytes).
PDF statistics:
 74 PDF objects out of 1000 (max. 8388607)
 53 compressed objects within 1 object stream
 0 named destinations out of 1000 (max. 500000)
 1 words of extra memory for PDF output out of 10000 (max. 10000000)

